core/util/build/intermediates/manifest_merge_blame_file/debug/manifest-merger-blame-debug-report.txt
1<?xml version="1.0" encoding="utf-8"?>
2<manifest xmlns:android="http://schemas.android.com/apk/res/android"
3    package="com.mariomanhique.util" >
4
5    <uses-sdk android:minSdkVersion="26" />
6
7    <uses-permission android:name="android.permission.ACCESS_NETWORK_STATE" />
7-->src/main/AndroidManifest.xml:4:5-78
7-->src/main/AndroidManifest.xml:4:22-76
8    <uses-permission android:name="android.permission.INTERNET" />
8-->src/main/AndroidManifest.xml:5:5-66
8-->src/main/AndroidManifest.xml:5:22-64
9
10</manifest>